<?xml version="1.0" encoding="UTF-8"?>
<testsuite xmlns:xsi="http://www.w3.org/2001/XMLSchema-instance" xsi:noNamespaceSchemaLocation="https://maven.apache.org/surefire/maven-surefire-plugin/xsd/surefire-test-report-3.0.xsd" version="3.0" name="APITest" time="3.313" tests="4" errors="0" skipped="0" failures="0">
  <properties>
[...]
</properties>
  <testcase name="deletePostTest" classname="APITest" time="2.039"/>
  <testcase name="updatePostTest" classname="APITest" time="0.836"/>
  <testcase name="createPostTest" classname="APITest" time="0.186">
    <system-out><![CDATA[Response: {
  "title": "foo",
  "body": "bar",
  "userId": 1,
  "id": 101
}
]]></system-out>
  </testcase>
  <testcase name="getPostsTest" classname="APITest" time="0.22"/>
</testsuite>